Determining if the pthread_create exist failed with the following output:
Change Dir: /home/selar16/keminf2/keminf2/assignment2/Option1_Atom-Atom/CMakeFiles/CMakeTmp

Run Build Command:"/usr/bin/make" "cmTC_bc8f6/fast"
/usr/bin/make -f CMakeFiles/cmTC_bc8f6.dir/build.make CMakeFiles/cmTC_bc8f6.dir/build
make[1]: Entering directory '/home/selar16/keminf2/keminf2/assignment2/Option1_Atom-Atom/CMakeFiles/CMakeTmp'
Building CXX object CMakeFiles/cmTC_bc8f6.dir/CheckSymbolExists.cxx.o
/usr/bin/c++     -o CMakeFiles/cmTC_bc8f6.dir/CheckSymbolExists.cxx.o -c /home/selar16/keminf2/keminf2/assignment2/Option1_Atom-Atom/CMakeFiles/CMakeTmp/CheckSymbolExists.cxx
Linking CXX executable cmTC_bc8f6
/usr/bin/cmake -E cmake_link_script CMakeFiles/cmTC_bc8f6.dir/link.txt --verbose=1
/usr/bin/c++       CMakeFiles/cmTC_bc8f6.dir/CheckSymbolExists.cxx.o  -o cmTC_bc8f6 
CMakeFiles/cmTC_bc8f6.dir/CheckSymbolExists.cxx.o: In function `main':
CheckSymbolExists.cxx:(.text+0x1b): undefined reference to `pthread_create'
collect2: error: ld returned 1 exit status
CMakeFiles/cmTC_bc8f6.dir/build.make:97: recipe for target 'cmTC_bc8f6' failed
make[1]: *** [cmTC_bc8f6] Error 1
make[1]: Leaving directory '/home/selar16/keminf2/keminf2/assignment2/Option1_Atom-Atom/CMakeFiles/CMakeTmp'
Makefile:126: recipe for target 'cmTC_bc8f6/fast' failed
make: *** [cmTC_bc8f6/fast] Error 2

File /home/selar16/keminf2/keminf2/assignment2/Option1_Atom-Atom/CMakeFiles/CMakeTmp/CheckSymbolExists.cxx:
/* */
#include <pthread.h>

int main(int argc, char** argv)
{
  (void)argv;
#ifndef pthread_create
  return ((int*)(&pthread_create))[argc];
#else
  (void)argc;
  return 0;
#endif
}

Determining if the function pthread_create exists in the pthreads failed with the following output:
Change Dir: /home/selar16/keminf2/keminf2/assignment2/Option1_Atom-Atom/CMakeFiles/CMakeTmp

Run Build Command:"/usr/bin/make" "cmTC_8aaec/fast"
/usr/bin/make -f CMakeFiles/cmTC_8aaec.dir/build.make CMakeFiles/cmTC_8aaec.dir/build
make[1]: Entering directory '/home/selar16/keminf2/keminf2/assignment2/Option1_Atom-Atom/CMakeFiles/CMakeTmp'
Building CXX object CMakeFiles/cmTC_8aaec.dir/CheckFunctionExists.cxx.o
/usr/bin/c++    -DCHECK_FUNCTION_EXISTS=pthread_create   -o CMakeFiles/cmTC_8aaec.dir/CheckFunctionExists.cxx.o -c /home/selar16/keminf2/keminf2/assignment2/Option1_Atom-Atom/CMakeFiles/CheckLibraryExists/CheckFunctionExists.cxx
Linking CXX executable cmTC_8aaec
/usr/bin/cmake -E cmake_link_script CMakeFiles/cmTC_8aaec.dir/link.txt --verbose=1
/usr/bin/c++   -DCHECK_FUNCTION_EXISTS=pthread_create    CMakeFiles/cmTC_8aaec.dir/CheckFunctionExists.cxx.o  -o cmTC_8aaec -lpthreads 
/usr/bin/ld: cannot find -lpthreads
collect2: error: ld returned 1 exit status
CMakeFiles/cmTC_8aaec.dir/build.make:97: recipe for target 'cmTC_8aaec' failed
make[1]: *** [cmTC_8aaec] Error 1
make[1]: Leaving directory '/home/selar16/keminf2/keminf2/assignment2/Option1_Atom-Atom/CMakeFiles/CMakeTmp'
Makefile:126: recipe for target 'cmTC_8aaec/fast' failed
make: *** [cmTC_8aaec/fast] Error 2


